<?xml version="1.0" encoding="UTF-8"?>
<!-- Generated by org.testng.reporters.JUnitXMLReporter -->
<testsuite ignored="0" hostname="DESKTOP-FOIF60P" failures="0" tests="3" name="Test2" time="21.084" errors="0" timestamp="2023-02-14T17:06:21 GMT">
  <testcase classname="crossbrowserTestng.Crossbroswerclass1" name="@BeforeMethod loginApllication" time="8.889">
    <failure type="org.openqa.selenium.ElementNotInteractableException" message="Element &amp;lt;input id=&amp;quot;username&amp;quot; class=&amp;quot;woocommerce-Input woocommerce-Input--text input-text&amp;quot; name=&amp;quot;username&amp;quot; type=&amp;quot;text&amp;quot;&amp;gt; is not reachable by keyboard
Build info: version: &amp;apos;3.141.59&amp;apos;, revision: &amp;apos;e82be7d358&amp;apos;, time: &amp;apos;2018-11-14T08:17:03&amp;apos;
System info: host: &amp;apos;DESKTOP-FOIF60P&amp;apos;, ip: &amp;apos;192.168.43.119&amp;apos;, os.name: &amp;apos;Windows 10&amp;apos;, os.arch: &amp;apos;amd64&amp;apos;, os.version: &amp;apos;10.0&amp;apos;, java.version: &amp;apos;18.0.2.1&amp;apos;
Driver info: org.openqa.selenium.firefox.FirefoxDriver
Capabilities {acceptInsecureCerts: true, browserName: firefox, browserVersion: 109.0.1, javascriptEnabled: true, moz:accessibilityChecks: false, moz:buildID: 20230127170202, moz:geckodriverVersion: 0.31.0, moz:headless: false, moz:platformVersion: 10.0, moz:processID: 1824, moz:profile: C:\Users\DELL\AppData\Local..., moz:shutdownTimeout: 60000, moz:useNonSpecCompliantPointerOrigin: false, moz:webdriverClick: true, moz:windowless: false, pageLoadStrategy: normal, platform: WINDOWS, platformName: WINDOWS, proxy: Proxy(), setWindowRect: true, strictFileInteractability: false, timeouts: {implicit: 0, pageLoad: 300000, script: 30000}, unhandledPromptBehavior: dismiss and notify}
Session ID: f3bd0898-9f93-4e45-96f7-cee9903ca12c">
      <![CDATA[org.openqa.selenium.ElementNotInteractableException: Element <input id="username" class="woocommerce-Input woocommerce-Input--text input-text" name="username" type="text"> is not reachable by keyboard
Build info: version: '3.141.59', revision: 'e82be7d358', time: '2018-11-14T08:17:03'
System info: host: 'DESKTOP-FOIF60P', ip: '192.168.43.119', os.name: 'Windows 10', os.arch: 'amd64', os.version: '10.0', java.version: '18.0.2.1'
Driver info: org.openqa.selenium.firefox.FirefoxDriver
Capabilities {acceptInsecureCerts: true, browserName: firefox, browserVersion: 109.0.1, javascriptEnabled: true, moz:accessibilityChecks: false, moz:buildID: 20230127170202, moz:geckodriverVersion: 0.31.0, moz:headless: false, moz:platformVersion: 10.0, moz:processID: 1824, moz:profile: C:\Users\DELL\AppData\Local..., moz:shutdownTimeout: 60000, moz:useNonSpecCompliantPointerOrigin: false, moz:webdriverClick: true, moz:windowless: false, pageLoadStrategy: normal, platform: WINDOWS, platformName: WINDOWS, proxy: Proxy(), setWindowRect: true, strictFileInteractability: false, timeouts: {implicit: 0, pageLoad: 300000, script: 30000}, unhandledPromptBehavior: dismiss and notify}
Session ID: f3bd0898-9f93-4e45-96f7-cee9903ca12c
at org.openqa.selenium.remote.http.W3CHttpResponseCodec.createException(W3CHttpResponseCodec.java:187)
at org.openqa.selenium.remote.http.W3CHttpResponseCodec.decode(W3CHttpResponseCodec.java:122)
at org.openqa.selenium.remote.http.W3CHttpResponseCodec.decode(W3CHttpResponseCodec.java:49)
at org.openqa.selenium.remote.HttpCommandExecutor.execute(HttpCommandExecutor.java:158)
at org.openqa.selenium.remote.service.DriverCommandExecutor.execute(DriverCommandExecutor.java:83)
at org.openqa.selenium.remote.RemoteWebDriver.execute(RemoteWebDriver.java:552)
at org.openqa.selenium.remote.RemoteWebElement.execute(RemoteWebElement.java:285)
at org.openqa.selenium.remote.RemoteWebElement.sendKeys(RemoteWebElement.java:106)
at org.openqa.selenium.support.pagefactory.internal.LocatingElementHandler.invoke(LocatingElementHandler.java:51)
at jdk.proxy2/jdk.proxy2.$Proxy17.sendKeys(Unknown Source)
at pomMODULES.MyAccount.enterUserName(MyAccount.java:42)
at crossbrowserTestng.Crossbroswerclass1.loginApllication(Crossbroswerclass1.java:83)
at java.base/java.util.ArrayList.forEach(ArrayList.java:1511)
at java.base/java.util.concurrent.FutureTask.run(FutureTask.java:264)
at java.base/java.util.concurrent.ThreadPoolExecutor.runWorker(ThreadPoolExecutor.java:1136)
at java.base/java.util.concurrent.ThreadPoolExecutor$Worker.run(ThreadPoolExecutor.java:635)
at java.base/java.lang.Thread.run(Thread.java:833)
... Removed 25 stack frames]]>
    </failure>
  </testcase> <!-- @BeforeMethod loginApllication -->
  <testcase classname="crossbrowserTestng.Crossbroswerclass1" name="@AfterMethod afterMethod" time="-1.676394381076E9">
    <skipped/>
  </testcase> <!-- @AfterMethod afterMethod -->
  <testcase classname="crossbrowserTestng.Crossbroswerclass1" name="@BeforeMethod loginApllication" time="-1.676394381089E9">
    <skipped/>
  </testcase> <!-- @BeforeMethod loginApllication -->
  <testcase classname="crossbrowserTestng.Crossbroswerclass1" name="@AfterMethod afterMethod" time="-1.676394381111E9">
    <skipped/>
  </testcase> <!-- @AfterMethod afterMethod -->
  <testcase classname="crossbrowserTestng.Crossbroswerclass1" name="@BeforeMethod loginApllication" time="-1.676394381115E9">
    <skipped/>
  </testcase> <!-- @BeforeMethod loginApllication -->
  <testcase classname="crossbrowserTestng.Crossbroswerclass1" name="@AfterMethod afterMethod" time="-1.676394381192E9">
    <skipped/>
  </testcase> <!-- @AfterMethod afterMethod -->
  <testcase classname="crossbrowserTestng.Crossbroswerclass1" name="@AfterClass test123" time="-1.676394381196E9">
    <skipped/>
  </testcase> <!-- @AfterClass test123 -->
  <testcase classname="crossbrowserTestng.Crossbroswerclass1" name="@AfterTest afterclass" time="-1.676394381209E9">
    <skipped/>
  </testcase> <!-- @AfterTest afterclass -->
  <testcase classname="crossbrowserTestng.Crossbroswerclass1" name="addTOCart" time="0.0">
    <skipped/>
  </testcase> <!-- addTOCart -->
  <testcase classname="crossbrowserTestng.Crossbroswerclass1" name="madeTOorder" time="0.0">
    <skipped/>
  </testcase> <!-- madeTOorder -->
  <testcase classname="crossbrowserTestng.Crossbroswerclass1" name="viewCartOption" time="0.0">
    <skipped/>
  </testcase> <!-- viewCartOption -->
</testsuite> <!-- Test2 -->
